<?xml version="1.0" encoding="UTF-8"?>
<coverage generated="1661880934251" clover="3.2.0">
  <project timestamp="1661880934251" name="All files">
    <metrics statements="48" coveredstatements="48" conditionals="0" coveredconditionals="0" methods="16" coveredmethods="16" elements="64" coveredelements="64" complexity="0" loc="48" ncloc="48" packages="1" files="2" classes="2"/>
    <file name="constants.ts" path="/Users/pavan/Workspace/WebChapter/valiy/src/constants.ts">
      <metrics statements="15" coveredstatements="15" conditionals="0" coveredconditionals="0" methods="0" coveredmethods="0"/>
      <line num="9" count="1" type="stmt"/>
      <line num="16" count="1" type="stmt"/>
      <line num="31" count="1" type="stmt"/>
      <line num="44" count="1" type="stmt"/>
      <line num="53" count="1" type="stmt"/>
      <line num="60" count="1" type="stmt"/>
      <line num="68" count="1" type="stmt"/>
      <line num="75" count="1" type="stmt"/>
      <line num="82" count="1" type="stmt"/>
      <line num="89" count="1" type="stmt"/>
      <line num="96" count="1" type="stmt"/>
      <line num="104" count="1" type="stmt"/>
      <line num="111" count="1" type="stmt"/>
      <line num="122" count="1" type="stmt"/>
      <line num="130" count="1" type="stmt"/>
    </file>
    <file name="validator.ts" path="/Users/pavan/Workspace/WebChapter/valiy/src/validator.ts">
      <metrics statements="33" coveredstatements="33" conditionals="0" coveredconditionals="0" methods="16" coveredmethods="16"/>
      <line num="1" count="1" type="stmt"/>
      <line num="11" count="1" type="stmt"/>
      <line num="12" count="150" type="stmt"/>
      <line num="25" count="1" type="stmt"/>
      <line num="26" count="7" type="stmt"/>
      <line num="37" count="1" type="stmt"/>
      <line num="38" count="8" type="stmt"/>
      <line num="56" count="1" type="stmt"/>
      <line num="57" count="6" type="stmt"/>
      <line num="72" count="1" type="stmt"/>
      <line num="73" count="5" type="stmt"/>
      <line num="85" count="1" type="stmt"/>
      <line num="86" count="5" type="stmt"/>
      <line num="96" count="1" type="stmt"/>
      <line num="97" count="11" type="stmt"/>
      <line num="108" count="1" type="stmt"/>
      <line num="109" count="6" type="stmt"/>
      <line num="119" count="1" type="stmt"/>
      <line num="120" count="12" type="stmt"/>
      <line num="130" count="1" type="stmt"/>
      <line num="131" count="7" type="stmt"/>
      <line num="141" count="1" type="stmt"/>
      <line num="142" count="7" type="stmt"/>
      <line num="152" count="1" type="stmt"/>
      <line num="153" count="14" type="stmt"/>
      <line num="163" count="1" type="stmt"/>
      <line num="164" count="19" type="stmt"/>
      <line num="174" count="1" type="stmt"/>
      <line num="175" count="19" type="stmt"/>
      <line num="188" count="1" type="stmt"/>
      <line num="189" count="9" type="stmt"/>
      <line num="199" count="1" type="stmt"/>
      <line num="200" count="8" type="stmt"/>
    </file>
  </project>
</coverage>
