{"/Users/pavan/Workspace/WebChapter/valiy/src/constants.ts": {"path":"/Users/pavan/Workspace/WebChapter/valiy/src/constants.ts","statementMap":{"0":{"start":{"line":9,"column":13},"end":{"line":9,"column":53}},"1":{"start":{"line":16,"column":13},"end":{"line":16,"column":50}},"2":{"start":{"line":31,"column":13},"end":{"line":32,"column":62}},"3":{"start":{"line":44,"column":13},"end":{"line":44,"column":60}},"4":{"start":{"line":53,"column":13},"end":{"line":53,"column":59}},"5":{"start":{"line":60,"column":13},"end":{"line":60,"column":79}},"6":{"start":{"line":68,"column":13},"end":{"line":68,"column":47}},"7":{"start":{"line":75,"column":13},"end":{"line":75,"column":45}},"8":{"start":{"line":82,"column":13},"end":{"line":82,"column":47}},"9":{"start":{"line":89,"column":13},"end":{"line":89,"column":51}},"10":{"start":{"line":96,"column":13},"end":{"line":96,"column":63}},"11":{"start":{"line":104,"column":13},"end":{"line":104,"column":57}},"12":{"start":{"line":111,"column":13},"end":{"line":111,"column":54}},"13":{"start":{"line":122,"column":13},"end":{"line":123,"column":65}},"14":{"start":{"line":130,"column":13},"end":{"line":131,"column":97}}},"fnMap":{},"branchMap":{},"s":{"0":1,"1":1,"2":1,"3":1,"4":1,"5":1,"6":1,"7":1,"8":1,"9":1,"10":1,"11":1,"12":1,"13":1,"14":1},"f":{},"b":{}}
,"/Users/pavan/Workspace/WebChapter/valiy/src/validator.ts": {"path":"/Users/pavan/Workspace/WebChapter/valiy/src/validator.ts","statementMap":{"0":{"start":{"line":1,"column":0},"end":{"line":1,"column":41}},"1":{"start":{"line":11,"column":24},"end":{"line":13,"column":1}},"2":{"start":{"line":12,"column":2},"end":{"line":12,"column":27}},"3":{"start":{"line":11,"column":13},"end":{"line":11,"column":24}},"4":{"start":{"line":25,"column":27},"end":{"line":27,"column":1}},"5":{"start":{"line":26,"column":2},"end":{"line":26,"column":46}},"6":{"start":{"line":25,"column":13},"end":{"line":25,"column":27}},"7":{"start":{"line":37,"column":31},"end":{"line":39,"column":1}},"8":{"start":{"line":38,"column":2},"end":{"line":38,"column":50}},"9":{"start":{"line":37,"column":13},"end":{"line":37,"column":31}},"10":{"start":{"line":56,"column":27},"end":{"line":58,"column":1}},"11":{"start":{"line":57,"column":2},"end":{"line":57,"column":46}},"12":{"start":{"line":56,"column":13},"end":{"line":56,"column":27}},"13":{"start":{"line":72,"column":32},"end":{"line":74,"column":1}},"14":{"start":{"line":73,"column":2},"end":{"line":73,"column":51}},"15":{"start":{"line":72,"column":13},"end":{"line":72,"column":32}},"16":{"start":{"line":85,"column":31},"end":{"line":87,"column":1}},"17":{"start":{"line":86,"column":2},"end":{"line":86,"column":51}},"18":{"start":{"line":85,"column":13},"end":{"line":85,"column":31}},"19":{"start":{"line":96,"column":29},"end":{"line":98,"column":1}},"20":{"start":{"line":97,"column":2},"end":{"line":97,"column":55}},"21":{"start":{"line":96,"column":13},"end":{"line":96,"column":29}},"22":{"start":{"line":108,"column":31},"end":{"line":110,"column":1}},"23":{"start":{"line":109,"column":2},"end":{"line":109,"column":50}},"24":{"start":{"line":108,"column":13},"end":{"line":108,"column":31}},"25":{"start":{"line":119,"column":34},"end":{"line":121,"column":1}},"26":{"start":{"line":120,"column":2},"end":{"line":120,"column":55}},"27":{"start":{"line":119,"column":13},"end":{"line":119,"column":34}},"28":{"start":{"line":130,"column":34},"end":{"line":132,"column":1}},"29":{"start":{"line":131,"column":2},"end":{"line":131,"column":54}},"30":{"start":{"line":130,"column":13},"end":{"line":130,"column":34}},"31":{"start":{"line":141,"column":36},"end":{"line":143,"column":1}},"32":{"start":{"line":142,"column":2},"end":{"line":142,"column":55}},"33":{"start":{"line":141,"column":13},"end":{"line":141,"column":36}},"34":{"start":{"line":152,"column":45},"end":{"line":154,"column":1}},"35":{"start":{"line":153,"column":2},"end":{"line":153,"column":66}},"36":{"start":{"line":152,"column":13},"end":{"line":152,"column":45}},"37":{"start":{"line":163,"column":32},"end":{"line":165,"column":1}},"38":{"start":{"line":164,"column":2},"end":{"line":164,"column":51}},"39":{"start":{"line":163,"column":13},"end":{"line":163,"column":32}},"40":{"start":{"line":174,"column":32},"end":{"line":176,"column":1}},"41":{"start":{"line":175,"column":2},"end":{"line":175,"column":52}},"42":{"start":{"line":174,"column":13},"end":{"line":174,"column":32}},"43":{"start":{"line":188,"column":29},"end":{"line":190,"column":1}},"44":{"start":{"line":189,"column":2},"end":{"line":189,"column":48}},"45":{"start":{"line":188,"column":13},"end":{"line":188,"column":29}},"46":{"start":{"line":199,"column":30},"end":{"line":201,"column":1}},"47":{"start":{"line":200,"column":2},"end":{"line":200,"column":50}},"48":{"start":{"line":199,"column":13},"end":{"line":199,"column":30}}},"fnMap":{"0":{"name":"(anonymous_6)","decl":{"start":{"line":11,"column":24},"end":{"line":11,"column":25}},"loc":{"start":{"line":11,"column":57},"end":{"line":13,"column":1}}},"1":{"name":"(anonymous_7)","decl":{"start":{"line":25,"column":27},"end":{"line":25,"column":28}},"loc":{"start":{"line":25,"column":54},"end":{"line":27,"column":1}}},"2":{"name":"(anonymous_8)","decl":{"start":{"line":37,"column":31},"end":{"line":37,"column":32}},"loc":{"start":{"line":37,"column":58},"end":{"line":39,"column":1}}},"3":{"name":"(anonymous_9)","decl":{"start":{"line":56,"column":27},"end":{"line":56,"column":28}},"loc":{"start":{"line":56,"column":54},"end":{"line":58,"column":1}}},"4":{"name":"(anonymous_10)","decl":{"start":{"line":72,"column":32},"end":{"line":72,"column":33}},"loc":{"start":{"line":72,"column":59},"end":{"line":74,"column":1}}},"5":{"name":"(anonymous_11)","decl":{"start":{"line":85,"column":31},"end":{"line":85,"column":32}},"loc":{"start":{"line":85,"column":58},"end":{"line":87,"column":1}}},"6":{"name":"(anonymous_12)","decl":{"start":{"line":96,"column":29},"end":{"line":96,"column":30}},"loc":{"start":{"line":96,"column":56},"end":{"line":98,"column":1}}},"7":{"name":"(anonymous_13)","decl":{"start":{"line":108,"column":31},"end":{"line":108,"column":32}},"loc":{"start":{"line":108,"column":58},"end":{"line":110,"column":1}}},"8":{"name":"(anonymous_14)","decl":{"start":{"line":119,"column":34},"end":{"line":119,"column":35}},"loc":{"start":{"line":119,"column":61},"end":{"line":121,"column":1}}},"9":{"name":"(anonymous_15)","decl":{"start":{"line":130,"column":34},"end":{"line":130,"column":35}},"loc":{"start":{"line":130,"column":61},"end":{"line":132,"column":1}}},"10":{"name":"(anonymous_16)","decl":{"start":{"line":141,"column":36},"end":{"line":141,"column":37}},"loc":{"start":{"line":141,"column":63},"end":{"line":143,"column":1}}},"11":{"name":"(anonymous_17)","decl":{"start":{"line":152,"column":45},"end":{"line":152,"column":46}},"loc":{"start":{"line":152,"column":72},"end":{"line":154,"column":1}}},"12":{"name":"(anonymous_18)","decl":{"start":{"line":163,"column":32},"end":{"line":163,"column":33}},"loc":{"start":{"line":163,"column":59},"end":{"line":165,"column":1}}},"13":{"name":"(anonymous_19)","decl":{"start":{"line":174,"column":32},"end":{"line":174,"column":33}},"loc":{"start":{"line":174,"column":59},"end":{"line":176,"column":1}}},"14":{"name":"(anonymous_20)","decl":{"start":{"line":188,"column":29},"end":{"line":188,"column":30}},"loc":{"start":{"line":188,"column":56},"end":{"line":190,"column":1}}},"15":{"name":"(anonymous_21)","decl":{"start":{"line":199,"column":30},"end":{"line":199,"column":31}},"loc":{"start":{"line":199,"column":57},"end":{"line":201,"column":1}}}},"branchMap":{},"s":{"0":1,"1":1,"2":150,"3":1,"4":1,"5":7,"6":1,"7":1,"8":8,"9":1,"10":1,"11":6,"12":1,"13":1,"14":5,"15":1,"16":1,"17":5,"18":1,"19":1,"20":11,"21":1,"22":1,"23":6,"24":1,"25":1,"26":12,"27":1,"28":1,"29":7,"30":1,"31":1,"32":7,"33":1,"34":1,"35":14,"36":1,"37":1,"38":19,"39":1,"40":1,"41":19,"42":1,"43":1,"44":9,"45":1,"46":1,"47":8,"48":1},"f":{"0":150,"1":7,"2":8,"3":6,"4":5,"5":5,"6":11,"7":6,"8":12,"9":7,"10":7,"11":14,"12":19,"13":19,"14":9,"15":8},"b":{}}
}
