TN:
SF:src/constants.ts
FNF:0
FNH:0
DA:9,1
DA:16,1
DA:31,1
DA:44,1
DA:53,1
DA:60,1
DA:68,1
DA:75,1
DA:82,1
DA:89,1
DA:96,1
DA:104,1
DA:111,1
DA:122,1
DA:130,1
LF:15
LH:15
BRF:0
BRH:0
end_of_record
TN:
SF:src/validator.ts
FN:11,(anonymous_6)
FN:25,(anonymous_7)
FN:37,(anonymous_8)
FN:56,(anonymous_9)
FN:72,(anonymous_10)
FN:85,(anonymous_11)
FN:96,(anonymous_12)
FN:108,(anonymous_13)
FN:119,(anonymous_14)
FN:130,(anonymous_15)
FN:141,(anonymous_16)
FN:152,(anonymous_17)
FN:163,(anonymous_18)
FN:174,(anonymous_19)
FN:188,(anonymous_20)
FN:199,(anonymous_21)
FNF:16
FNH:16
FNDA:150,(anonymous_6)
FNDA:7,(anonymous_7)
FNDA:8,(anonymous_8)
FNDA:6,(anonymous_9)
FNDA:5,(anonymous_10)
FNDA:5,(anonymous_11)
FNDA:11,(anonymous_12)
FNDA:6,(anonymous_13)
FNDA:12,(anonymous_14)
FNDA:7,(anonymous_15)
FNDA:7,(anonymous_16)
FNDA:14,(anonymous_17)
FNDA:19,(anonymous_18)
FNDA:19,(anonymous_19)
FNDA:9,(anonymous_20)
FNDA:8,(anonymous_21)
DA:1,1
DA:11,1
DA:12,150
DA:25,1
DA:26,7
DA:37,1
DA:38,8
DA:56,1
DA:57,6
DA:72,1
DA:73,5
DA:85,1
DA:86,5
DA:96,1
DA:97,11
DA:108,1
DA:109,6
DA:119,1
DA:120,12
DA:130,1
DA:131,7
DA:141,1
DA:142,7
DA:152,1
DA:153,14
DA:163,1
DA:164,19
DA:174,1
DA:175,19
DA:188,1
DA:189,9
DA:199,1
DA:200,8
LF:33
LH:33
BRF:0
BRH:0
end_of_record
